2014-04-10 09:49:51.851 HelloWorld[78827:80b] Multi-tasking -> Device: YES, App: YES
2014-04-10 09:49:52.345 HelloWorld[78827:80b] Resetting plugins due to page load.
2014-04-10 09:49:52.460 HelloWorld[78827:80b] Finished load of: file:///Users/nate/Library/Application%20Support/iPhone%20Simulator/7.0.3/Applications/88D85234-B0DD-4673-869D-A3585BED0D61/HelloWorld.app/www/index.html
2014-04-10 09:49:52.490 HelloWorld[78827:80b] ERROR whitelist rejection: url='http://www.allriseapp.com/'
2014-04-10 09:50:36.598 HelloWorld[79163:80b] Multi-tasking -> Device: YES, App: YES
2014-04-10 09:50:36.779 HelloWorld[79163:80b] Resetting plugins due to page load.
2014-04-10 09:50:36.820 HelloWorld[79163:80b] Finished load of: file:///Users/nate/Library/Application%20Support/iPhone%20Simulator/7.0.3/Applications/88D85234-B0DD-4673-869D-A3585BED0D61/HelloWorld.app/www/index.html
2014-04-10 09:50:36.827 HelloWorld[79163:80b] ERROR whitelist rejection: url='http://www.allriseapp.com/'
2014-04-10 09:53:50.417 HelloWorld[79563:80b] Multi-tasking -> Device: YES, App: YES
2014-04-10 09:53:50.522 HelloWorld[79563:80b] Resetting plugins due to page load.
2014-04-10 09:53:50.547 HelloWorld[79563:80b] Finished load of: file:///Users/nate/Library/Application%20Support/iPhone%20Simulator/7.0.3/Applications/88D85234-B0DD-4673-869D-A3585BED0D61/HelloWorld.app/www/index.html
2014-04-10 09:54:26.952 HelloWorld[80036:80b] Multi-tasking -> Device: YES, App: YES
2014-04-10 09:54:27.141 HelloWorld[80036:80b] Resetting plugins due to page load.
2014-04-10 09:54:27.186 HelloWorld[80036:80b] Finished load of: file:///Users/nate/Library/Application%20Support/iPhone%20Simulator/7.0.3/Applications/88D85234-B0DD-4673-869D-A3585BED0D61/HelloWorld.app/www/index.html
2014-04-10 09:59:08.847 HelloWorld[80425:80b] Multi-tasking -> Device: YES, App: YES
2014-04-10 09:59:08.940 HelloWorld[80425:80b] Resetting plugins due to page load.
2014-04-10 09:59:08.974 HelloWorld[80425:80b] Finished load of: file:///Users/nate/Library/Application%20Support/iPhone%20Simulator/7.0.3/Applications/88D85234-B0DD-4673-869D-A3585BED0D61/HelloWorld.app/www/index.html
2014-04-10 09:59:47.766 HelloWorld[80753:80b] Multi-tasking -> Device: YES, App: YES
2014-04-10 09:59:47.950 HelloWorld[80753:80b] Resetting plugins due to page load.
2014-04-10 09:59:47.994 HelloWorld[80753:80b] Finished load of: file:///Users/nate/Library/Application%20Support/iPhone%20Simulator/7.0.3/Applications/88D85234-B0DD-4673-869D-A3585BED0D61/HelloWorld.app/www/index.html
Terminating in response to SpringBoard's termination.
2014-04-10 10:00:56.121 HelloWorld[81277:80b] Multi-tasking -> Device: YES, App: YES
2014-04-10 10:00:56.307 HelloWorld[81277:80b] Resetting plugins due to page load.
2014-04-10 10:00:56.347 HelloWorld[81277:80b] Finished load of: file:///Users/nate/Library/Application%20Support/iPhone%20Simulator/7.0.3/Applications/88D85234-B0DD-4673-869D-A3585BED0D61/HelloWorld.app/www/index.html
2014-04-10 10:02:10.636 HelloWorld[81642:80b] Multi-tasking -> Device: YES, App: YES
2014-04-10 10:02:10.825 HelloWorld[81642:80b] Resetting plugins due to page load.
2014-04-10 10:02:10.856 HelloWorld[81642:80b] Finished load of: file:///Users/nate/Library/Application%20Support/iPhone%20Simulator/7.0.3/Applications/88D85234-B0DD-4673-869D-A3585BED0D61/HelloWorld.app/www/index.html
2014-04-10 10:03:41.704 HelloWorld[81642:3f03] ERROR whitelist rejection: url='http://netdna.bootstrapcdn.com/bootstrap/3.0.3/js/bootstrap.min.js'
2014-04-10 10:03:41.705 HelloWorld[81642:3f03] ERROR whitelist rejection: url='http://netdna.bootstrapcdn.com/bootstrap/3.0.3/js/bootstrap.min.js'
2014-04-10 10:03:41.706 HelloWorld[81642:3f03] ERROR whitelist rejection: url='http://netdna.bootstrapcdn.com/bootstrap/3.0.3/js/bootstrap.min.js'
2014-04-10 10:06:52.372 HelloWorld[82052:80b] Multi-tasking -> Device: YES, App: YES
2014-04-10 10:06:52.556 HelloWorld[82052:80b] Resetting plugins due to page load.
2014-04-10 10:06:52.594 HelloWorld[82052:80b] Finished load of: file:///Users/nate/Library/Application%20Support/iPhone%20Simulator/7.0.3/Applications/88D85234-B0DD-4673-869D-A3585BED0D61/HelloWorld.app/www/index.html
2014-04-10 10:07:34.319 HelloWorld[82385:80b] Multi-tasking -> Device: YES, App: YES
2014-04-10 10:07:34.500 HelloWorld[82385:80b] Resetting plugins due to page load.
2014-04-10 10:07:34.531 HelloWorld[82385:80b] Finished load of: file:///Users/nate/Library/Application%20Support/iPhone%20Simulator/7.0.3/Applications/88D85234-B0DD-4673-869D-A3585BED0D61/HelloWorld.app/www/index.html
2014-04-10 10:08:31.077 HelloWorld[82385:3f03] ERROR whitelist rejection: url='http://netdna.bootstrapcdn.com/bootstrap/3.0.3/js/bootstrap.min.js'
2014-04-10 10:08:31.077 HelloWorld[82385:3f03] ERROR whitelist rejection: url='http://netdna.bootstrapcdn.com/bootstrap/3.0.3/js/bootstrap.min.js'
2014-04-10 10:08:31.077 HelloWorld[82385:3f03] ERROR whitelist rejection: url='http://netdna.bootstrapcdn.com/bootstrap/3.0.3/js/bootstrap.min.js'
2014-04-10 10:09:30.813 HelloWorld[82739:80b] Multi-tasking -> Device: YES, App: YES
2014-04-10 10:09:31.060 HelloWorld[82739:80b] Resetting plugins due to page load.
2014-04-10 10:09:36.927 HelloWorld[82739:80b] Finished load of: file:///Users/nate/Library/Application%20Support/iPhone%20Simulator/7.0.3/Applications/88D85234-B0DD-4673-869D-A3585BED0D61/HelloWorld.app/www/index.html
2014-04-10 10:13:44.422 HelloWorld[83137:80b] Multi-tasking -> Device: YES, App: YES
2014-04-10 10:13:44.642 HelloWorld[83137:80b] Resetting plugins due to page load.
2014-04-10 10:13:44.708 HelloWorld[83137:80b] Finished load of: file:///Users/nate/Library/Application%20Support/iPhone%20Simulator/7.0.3/Applications/88D85234-B0DD-4673-869D-A3585BED0D61/HelloWorld.app/www/index.html
2014-04-10 10:13:47.245 HelloWorld[83137:3f03] ERROR whitelist rejection: url='http://netdna.bootstrapcdn.com/bootstrap/3.0.3/js/bootstrap.min.js'
2014-04-10 10:13:47.245 HelloWorld[83137:3f03] ERROR whitelist rejection: url='http://netdna.bootstrapcdn.com/bootstrap/3.0.3/js/bootstrap.min.js'
2014-04-10 10:13:47.246 HelloWorld[83137:3f03] ERROR whitelist rejection: url='http://netdna.bootstrapcdn.com/bootstrap/3.0.3/js/bootstrap.min.js'
2014-04-10 10:14:54.977 HelloWorld[83457:80b] Multi-tasking -> Device: YES, App: YES
2014-04-10 10:14:55.066 HelloWorld[83457:80b] Resetting plugins due to page load.
2014-04-10 10:14:55.094 HelloWorld[83457:80b] Finished load of: file:///Users/nate/Library/Application%20Support/iPhone%20Simulator/7.0.3/Applications/88D85234-B0DD-4673-869D-A3585BED0D61/HelloWorld.app/www/index.html
2014-04-10 10:15:32.200 HelloWorld[83786:80b] Multi-tasking -> Device: YES, App: YES
2014-04-10 10:15:32.452 HelloWorld[83786:80b] Resetting plugins due to page load.
2014-04-10 10:15:32.494 HelloWorld[83786:80b] Finished load of: file:///Users/nate/Library/Application%20Support/iPhone%20Simulator/7.0.3/Applications/88D85234-B0DD-4673-869D-A3585BED0D61/HelloWorld.app/www/index.html
2014-04-10 10:16:59.727 HelloWorld[84138:80b] Multi-tasking -> Device: YES, App: YES
2014-04-10 10:16:59.914 HelloWorld[84138:80b] Resetting plugins due to page load.
2014-04-10 10:16:59.955 HelloWorld[84138:80b] Finished load of: file:///Users/nate/Library/Application%20Support/iPhone%20Simulator/7.0.3/Applications/88D85234-B0DD-4673-869D-A3585BED0D61/HelloWorld.app/www/index.html
